<?xml version="1.0" encoding="UTF-8"?>
<!-- Generated by org.testng.reporters.JUnitReportReporter -->
<testsuite hostname="DESKTOP-GQQIRHS" failures="0" tests="2" name="com.orangehrm.Testcases.AddAndDeleteTest" time="18.537" errors="0" timestamp="2022-03-08T00:51:10 AEDT" skipped="0">
  <testcase classname="com.orangehrm.Testcases.AddAndDeleteTest" name="Login" time="4.741"/>
  <system-out/>
  <testcase classname="com.orangehrm.Testcases.AddAndDeleteTest" name="AddEmployee" time="13.796"/>
  <system-out/>
</testsuite> <!-- com.orangehrm.Testcases.AddAndDeleteTest -->
